I, [2015-12-27T16:52:17.611177 #3930]  INFO -- : Refreshing Gem list
I, [2015-12-27T16:52:18.816454 #3930]  INFO -- : listening on addr=/tmp/unicorn.sock fd=11
I, [2015-12-27T16:52:18.816551 #3930]  INFO -- : worker=0 spawning...
I, [2015-12-27T16:52:18.817392 #3930]  INFO -- : worker=1 spawning...
I, [2015-12-27T16:52:18.817948 #3930]  INFO -- : master process ready
I, [2015-12-27T16:52:18.822540 #3934]  INFO -- : worker=0 spawned pid=3934
I, [2015-12-27T16:52:18.822615 #3934]  INFO -- : worker=0 ready
I, [2015-12-27T16:52:18.823073 #3936]  INFO -- : worker=1 spawned pid=3936
I, [2015-12-27T16:52:18.823140 #3936]  INFO -- : worker=1 ready
127.0.0.1 - - [27/Dec/2015:16:52:27 +0000] "GET / HTTP/1.0" 500 84038 0.2266
I, [2015-12-27T17:03:48.370518 #4670]  INFO -- : Refreshing Gem list
E, [2015-12-27T17:03:49.549251 #4670] ERROR -- : adding listener failed addr=/tmp/unicorn.sock (in use)
E, [2015-12-27T17:03:49.549313 #4670] ERROR -- : retrying in 0.5 seconds (4 tries left)
E, [2015-12-27T17:03:50.049879 #4670] ERROR -- : adding listener failed addr=/tmp/unicorn.sock (in use)
E, [2015-12-27T17:03:50.049947 #4670] ERROR -- : retrying in 0.5 seconds (3 tries left)
E, [2015-12-27T17:03:50.550583 #4670] ERROR -- : adding listener failed addr=/tmp/unicorn.sock (in use)
E, [2015-12-27T17:03:50.550674 #4670] ERROR -- : retrying in 0.5 seconds (2 tries left)
E, [2015-12-27T17:03:51.051381 #4670] ERROR -- : adding listener failed addr=/tmp/unicorn.sock (in use)
E, [2015-12-27T17:03:51.051454 #4670] ERROR -- : retrying in 0.5 seconds (1 tries left)
E, [2015-12-27T17:03:51.552075 #4670] ERROR -- : adding listener failed addr=/tmp/unicorn.sock (in use)
E, [2015-12-27T17:03:51.552152 #4670] ERROR -- : retrying in 0.5 seconds (0 tries left)
E, [2015-12-27T17:03:52.052734 #4670] ERROR -- : adding listener failed addr=/tmp/unicorn.sock (in use)
/usr/local/rbenv/versions/2.2.3/lib/ruby/gems/2.2.0/gems/unicorn-5.0.1/lib/unicorn/socket_helper.rb:122:in `initialize': Address already in use - connect(2) for /tmp/unicorn.sock (Errno::EADDRINUSE)
	from /usr/local/rbenv/versions/2.2.3/lib/ruby/gems/2.2.0/gems/unicorn-5.0.1/lib/unicorn/socket_helper.rb:122:in `new'
	from /usr/local/rbenv/versions/2.2.3/lib/ruby/gems/2.2.0/gems/unicorn-5.0.1/lib/unicorn/socket_helper.rb:122:in `bind_listen'
	from /usr/local/rbenv/versions/2.2.3/lib/ruby/gems/2.2.0/gems/unicorn-5.0.1/lib/unicorn/http_server.rb:231:in `listen'
	from /usr/local/rbenv/versions/2.2.3/lib/ruby/gems/2.2.0/gems/unicorn-5.0.1/lib/unicorn/http_server.rb:808:in `block in bind_new_listeners!'
	from /usr/local/rbenv/versions/2.2.3/lib/ruby/gems/2.2.0/gems/unicorn-5.0.1/lib/unicorn/http_server.rb:808:in `each'
	from /usr/local/rbenv/versions/2.2.3/lib/ruby/gems/2.2.0/gems/unicorn-5.0.1/lib/unicorn/http_server.rb:808:in `bind_new_listeners!'
	from /usr/local/rbenv/versions/2.2.3/lib/ruby/gems/2.2.0/gems/unicorn-5.0.1/lib/unicorn/http_server.rb:130:in `start'
	from /usr/local/rbenv/versions/2.2.3/lib/ruby/gems/2.2.0/gems/unicorn-5.0.1/bin/unicorn:126:in `<top (required)>'
	from /usr/local/rbenv/versions/2.2.3/bin/unicorn:23:in `load'
	from /usr/local/rbenv/versions/2.2.3/bin/unicorn:23:in `<main>'
I, [2015-12-27T17:06:07.187509 #3930]  INFO -- : reaped #<Process::Status: pid 3936 exit 0> worker=1
I, [2015-12-27T17:06:07.187633 #3930]  INFO -- : worker=1 spawning...
I, [2015-12-27T17:06:07.188279 #3930]  INFO -- : reaped #<Process::Status: pid 3934 exit 0> worker=0
I, [2015-12-27T17:06:07.188389 #3930]  INFO -- : worker=0 spawning...
I, [2015-12-27T17:06:07.189330 #4675]  INFO -- : worker=1 spawned pid=4675
I, [2015-12-27T17:06:07.189414 #4675]  INFO -- : worker=1 ready
I, [2015-12-27T17:06:07.189902 #4677]  INFO -- : worker=0 spawned pid=4677
I, [2015-12-27T17:06:07.189995 #4677]  INFO -- : worker=0 ready
I, [2015-12-27T17:06:27.934481 #3930]  INFO -- : reaped #<Process::Status: pid 4675 exit 0> worker=1
I, [2015-12-27T17:06:27.934575 #3930]  INFO -- : reaped #<Process::Status: pid 4677 exit 0> worker=0
I, [2015-12-27T17:06:27.934793 #3930]  INFO -- : master complete
